<?xml version="1.0" encoding="UTF-8"?>
<testsuite xmlns:xsi="http://www.w3.org/2001/XMLSchema-instance" xsi:noNamespaceSchemaLocation="https://maven.apache.org/surefire/maven-surefire-plugin/xsd/surefire-test-report.xsd" version="3.0.2" name="jove.springbootdemo.SpringBootDemoApplicationTests" time="2.64" tests="1" errors="0" skipped="0" failures="0" flakes="0">
  <properties>
[...]
</properties>
  <testcase name="contextLoads" classname="jove.springbootdemo.SpringBootDemoApplicationTests" time="1.655">
    <system-out><![CDATA[15:10:08.041 [main] INFO org.springframework.test.context.support.AnnotationConfigContextLoaderUtils -- Could not detect default configuration classes for test class [jove.springbootdemo.SpringBootDemoApplicationTests]: SpringBootDemoApplicationTests does not declare any static, non-private, non-final, nested classes annotated with @Configuration.
15:10:08.104 [main] INFO org.springframework.boot.test.context.SpringBootTestContextBootstrapper -- Found @SpringBootConfiguration jove.springbootdemo.SpringBootDemoApplication for test class jove.springbootdemo.SpringBootDemoApplicationTests
15:10:08.143 [main] INFO org.springframework.test.context.support.AnnotationConfigContextLoaderUtils -- Could not detect default configuration classes for test class [jove.springbootdemo.SpringBootDemoApplicationTests]: SpringBootDemoApplicationTests does not declare any static, non-private, non-final, nested classes annotated with @Configuration.
15:10:08.144 [main] INFO org.springframework.boot.test.context.SpringBootTestContextBootstrapper -- Found @SpringBootConfiguration jove.springbootdemo.SpringBootDemoApplication for test class jove.springbootdemo.SpringBootDemoApplicationTests

  .   ____          _            __ _ _
 /\\ / ___'_ __ _ _(_)_ __  __ _ \ \ \ \
( ( )\___ | '_ | '_| | '_ \/ _` | \ \ \ \
 \\/  ___)| |_)| | | | | || (_| |  ) ) ) )
  '  |____| .__|_| |_|_| |_\__, | / / / /
 =========|_|==============|___/=/_/_/_/

 :: Spring Boot ::                (v4.0.5)

2026-04-25T15:10:08.289+08:00  INFO 23042 --- [springBootDemo] [           main] j.s.SpringBootDemoApplicationTests       : Starting SpringBootDemoApplicationTests using Java 24.0.2 with PID 23042 (started by jove in /Users/jove/Lab/Jove-Programming-Diary/Java/springBootDemo)
2026-04-25T15:10:08.289+08:00  INFO 23042 --- [springBootDemo] [           main] j.s.SpringBootDemoApplicationTests       : The following 1 profile is active: "dev"
 _ _   |_  _ _|_. ___ _ |    _ 
| | |\/|_)(_| | |_\  |_)||_|_\ 
     /               |         
                        3.5.16 
2026-04-25T15:10:08.815+08:00  INFO 23042 --- [springBootDemo] [           main] m.e.s.MybatisPlusApplicationContextAware : Register ApplicationContext instances org.springframework.web.context.support.GenericWebApplicationContext@5ff90645
2026-04-25T15:10:08.916+08:00  INFO 23042 --- [springBootDemo] [           main] j.s.SpringBootDemoApplicationTests       : Started SpringBootDemoApplicationTests in 0.74 seconds (process running for 1.418)
----- selectAll method test ------
2026-04-25T15:10:10.146+08:00  INFO 23042 --- [springBootDemo] [           main] com.zaxxer.hikari.HikariDataSource       : HikariPool-1 - Starting...
2026-04-25T15:10:10.528+08:00  INFO 23042 --- [springBootDemo] [           main] com.zaxxer.hikari.pool.HikariPool        : HikariPool-1 - Added connection com.mysql.cj.jdbc.ConnectionImpl@404dc999
2026-04-25T15:10:10.529+08:00  INFO 23042 --- [springBootDemo] [           main] com.zaxxer.hikari.HikariDataSource       : HikariPool-1 - Start completed.
jove.springbootdemo.entity.User@6081f330
jove.springbootdemo.entity.User@eb695e8
jove.springbootdemo.entity.User@7eebb316
jove.springbootdemo.entity.User@45273d40
jove.springbootdemo.entity.User@2a504ea7
]]></system-out>
    <system-err><![CDATA[Mockito is currently self-attaching to enable the inline-mock-maker. This will no longer work in future releases of the JDK. Please add Mockito as an agent to your build as described in Mockito's documentation: https://javadoc.io/doc/org.mockito/mockito-core/latest/org.mockito/org/mockito/Mockito.html#0.3
WARNING: A Java agent has been loaded dynamically (/Users/jove/.m2/repository/net/bytebuddy/byte-buddy-agent/1.17.8/byte-buddy-agent-1.17.8.jar)
WARNING: If a serviceability tool is in use, please run with -XX:+EnableDynamicAgentLoading to hide this warning
WARNING: If a serviceability tool is not in use, please run with -Djdk.instrument.traceUsage for more information
WARNING: Dynamic loading of agents will be disallowed by default in a future release
]]></system-err>
  </testcase>
</testsuite>